<?xml version="1.0" encoding="UTF-8"?>
<testng-results ignored="0" total="1" passed="1" failed="0" skipped="0">
  <reporter-output>
  </reporter-output>
  <suite started-at="2025-12-31T01:45:11 IST" name="OrangeHRMSuite" finished-at="2025-12-31T01:45:18 IST" duration-ms="6937">
    <groups>
    </groups>
    <test started-at="2025-12-31T01:45:11 IST" name="OrangeHRMTest" finished-at="2025-12-31T01:45:18 IST" duration-ms="6937">
      <class name="com.orangehrm.test.DummyClass">
        <test-method is-config="true" signature="loadConfig()[pri:0, instance:com.orangehrm.test.DummyClass@1e800aaa]" started-at="2025-12-31T01:45:11 IST" name="loadConfig" finished-at="2025-12-31T01:45:11 IST" duration-ms="21" status="PASS">
          <reporter-output>
          </reporter-output>
        </test-method> <!-- loadConfig -->
        <test-method is-config="true" signature="setup()[pri:0, instance:com.orangehrm.test.DummyClass@1e800aaa]" started-at="2025-12-31T01:45:11 IST" name="setup" finished-at="2025-12-31T01:45:17 IST" duration-ms="5973" status="PASS">
          <reporter-output>
          </reporter-output>
        </test-method> <!-- setup -->
        <test-method signature="dummyTest()[pri:0, instance:com.orangehrm.test.DummyClass@1e800aaa]" started-at="2025-12-31T01:45:17 IST" name="dummyTest" finished-at="2025-12-31T01:45:18 IST" duration-ms="529" status="PASS">
          <reporter-output>
          </reporter-output>
        </test-method> <!-- dummyTest -->
        <test-method is-config="true" signature="tearDown()[pri:0, instance:com.orangehrm.test.DummyClass@1e800aaa]" started-at="2025-12-31T01:45:18 IST" name="tearDown" finished-at="2025-12-31T01:45:18 IST" duration-ms="357" status="PASS">
          <reporter-output>
          </reporter-output>
        </test-method> <!-- tearDown -->
      </class> <!-- com.orangehrm.test.DummyClass -->
    </test> <!-- OrangeHRMTest -->
  </suite> <!-- OrangeHRMSuite -->
</testng-results>
